date: "2015-05-01 21:42:27.487"
argv: node /usr/local/bin/hexo g
os: Darwin 14.3.0 darwin x64
versions:
  http_parser: "2.3"
  node: 0.12.0
  v8: 3.28.73
  uv: 1.0.2
  zlib: 1.2.8
  modules: "14"
  openssl: 1.0.1l
  hexo: 2.8.3
---
[debug] 21:42:27.164 Config file loaded from /Users/zhangyunyao/Documents/Workspace/Blog/_config.yml[debug] 21:42:27.166 Version info checked successfully[debug] 21:42:27.182 Loading database.[debug] 21:42:27.220 Processed: draft.md (2ms)[debug] 21:42:27.220 Processed: page.md (1ms)[debug] 21:42:27.221 Processed: photo.md (2ms)[debug] 21:42:27.221 Processed: post.md (2ms)[debug] 21:42:27.227 Plugin loaded successfully: hexo-generator-feed[debug] 21:42:27.242 Plugin loaded successfully: hexo-renderer-ejs[debug] 21:42:27.260 Plugin loaded successfully: hexo-renderer-marked[debug] 21:42:27.395 Plugin loaded successfully: hexo-renderer-stylus[debug] 21:42:27.398 Script load successfully: fancybox.js[debug] 21:42:27.414 Processed: 404.html (2ms)[debug] 21:42:27.416 Processed: CNAME (2ms)[debug] 21:42:27.416 Processed: favicon.ico (0ms)[debug] 21:42:27.416 Processed: robots.txt (0ms)[debug] 21:42:27.421 Processed: _posts/dpdk-l2wfd详解.md (4ms)[debug] 21:42:27.422 Processed: _posts/dpdk编译运行.md (1ms)[debug] 21:42:27.422 Processed: about/index.md (0ms)[debug] 21:42:27.435 Processed: source/img/scrollup.png (1ms)[debug] 21:42:27.435 Processed: source/js/script.js (0ms)[debug] 21:42:27.435 Processed: source/css/_extend.styl (0ms)[debug] 21:42:27.435 Processed: source/css/_variables.styl (0ms)[debug] 21:42:27.436 Processed: source/css/bdshare.styl (1ms)[debug] 21:42:27.436 Processed: source/css/style.styl (0ms)[debug] 21:42:27.436 Processed: source/css/_partial/archive.styl (0ms)[debug] 21:42:27.436 Processed: source/css/_partial/article.styl (0ms)[debug] 21:42:27.436 Processed: source/css/_partial/comment.styl (0ms)[debug] 21:42:27.436 Processed: source/css/_partial/footer.styl (0ms)[debug] 21:42:27.436 Processed: source/css/_partial/header.styl (0ms)[debug] 21:42:27.436 Processed: source/css/_partial/highlight.styl (0ms)[debug] 21:42:27.436 Processed: source/css/_partial/mobile.styl (0ms)[debug] 21:42:27.436 Processed: source/css/_partial/sidebar-aside.styl (0ms)[debug] 21:42:27.436 Processed: source/css/_partial/sidebar-bottom.styl (0ms)[debug] 21:42:27.436 Processed: source/css/_partial/sidebar.styl (0ms)[debug] 21:42:27.436 Processed: source/css/_partial/totop.styl (0ms)[debug] 21:42:27.436 Processed: source/css/_util/grid.styl (0ms)[debug] 21:42:27.437 Processed: source/css/_util/mixin.styl (0ms)[debug] 21:42:27.437 Processed: source/css/fonts/FontAwesome.otf (0ms)[debug] 21:42:27.437 Processed: source/css/fonts/fontawesome-webfont.eot (0ms)[debug] 21:42:27.437 Processed: source/css/fonts/fontawesome-webfont.svg (0ms)[debug] 21:42:27.438 Processed: source/css/fonts/fontawesome-webfont.ttf (1ms)[debug] 21:42:27.438 Processed: source/css/fonts/fontawesome-webfont.woff (0ms)[debug] 21:42:27.438 Processed: source/css/images/banner.jpg (0ms)[debug] 21:42:27.438 Processed: source/fancybox/blank.gif (0ms)[debug] 21:42:27.439 Processed: source/fancybox/fancybox_loading.gif (0ms)[debug] 21:42:27.439 Processed: source/fancybox/fancybox_loading@2x.gif (0ms)[debug] 21:42:27.439 Processed: source/fancybox/fancybox_overlay.png (0ms)[debug] 21:42:27.439 Processed: source/fancybox/fancybox_sprite.png (0ms)[debug] 21:42:27.439 Processed: source/fancybox/fancybox_sprite@2x.png (0ms)[debug] 21:42:27.439 Processed: source/fancybox/jquery.fancybox.css (0ms)[debug] 21:42:27.440 Processed: source/fancybox/jquery.fancybox.js (1ms)[debug] 21:42:27.440 Processed: source/fancybox/jquery.fancybox.pack.js (0ms)[debug] 21:42:27.440 Processed: source/fancybox/helpers/fancybox_buttons.png (0ms)[debug] 21:42:27.440 Processed: source/fancybox/helpers/jquery.fancybox-buttons.css (0ms)[debug] 21:42:27.440 Processed: source/fancybox/helpers/jquery.fancybox-buttons.js (0ms)[debug] 21:42:27.440 Processed: source/fancybox/helpers/jquery.fancybox-media.js (0ms)[debug] 21:42:27.440 Processed: source/fancybox/helpers/jquery.fancybox-thumbs.css (0ms)[debug] 21:42:27.441 Processed: source/fancybox/helpers/jquery.fancybox-thumbs.js (1ms)[debug] 21:42:27.444 Processed: layout/archive.ejs (15ms)[debug] 21:42:27.444 Processed: layout/layout.ejs (14ms)[debug] 21:42:27.444 Processed: layout/category.ejs (14ms)[debug] 21:42:27.444 Processed: layout/index.ejs (14ms)[debug] 21:42:27.444 Processed: layout/page.ejs (14ms)[debug] 21:42:27.444 Processed: layout/post.ejs (14ms)[debug] 21:42:27.444 Processed: layout/_widget/archive.ejs (14ms)[debug] 21:42:27.444 Processed: layout/tag.ejs (14ms)[debug] 21:42:27.444 Processed: layout/_widget/links.ejs (14ms)[debug] 21:42:27.444 Processed: layout/_widget/recent_posts.ejs (14ms)[debug] 21:42:27.445 Processed: layout/_widget/tag.ejs (15ms)[debug] 21:42:27.445 Processed: layout/_widget/tagcloud.ejs (14ms)[debug] 21:42:27.445 Processed: layout/_widget/weibo.ejs (14ms)[debug] 21:42:27.445 Processed: layout/_partial/after-footer.ejs (14ms)[debug] 21:42:27.445 Processed: layout/_partial/archive-post.ejs (14ms)[debug] 21:42:27.445 Processed: layout/_partial/archive.ejs (12ms)[debug] 21:42:27.445 Processed: layout/_partial/article.ejs (12ms)[debug] 21:42:27.445 Processed: layout/_partial/google-analytics.ejs (12ms)[debug] 21:42:27.445 Processed: layout/_partial/footer.ejs (12ms)[debug] 21:42:27.445 Processed: layout/_partial/head.ejs (12ms)[debug] 21:42:27.445 Processed: layout/_partial/header.ejs (12ms)[debug] 21:42:27.446 Processed: layout/_partial/mathjax.ejs (12ms)[debug] 21:42:27.446 Processed: layout/_partial/mobile-nav.ejs (12ms)[debug] 21:42:27.446 Processed: layout/_partial/sidebar.ejs (12ms)[debug] 21:42:27.446 Processed: layout/_partial/totop.ejs (12ms)[debug] 21:42:27.446 Processed: layout/_partial/post/category.ejs (12ms)[debug] 21:42:27.446 Processed: layout/_partial/post/date.ejs (12ms)[debug] 21:42:27.446 Processed: layout/_partial/post/gallery.ejs (12ms)[debug] 21:42:27.446 Processed: layout/_partial/post/nav.ejs (12ms)[debug] 21:42:27.446 Processed: layout/_widget/category.ejs (16ms)[debug] 21:42:27.446 Processed: layout/_partial/post/tag.ejs (12ms)[debug] 21:42:27.446 Processed: layout/_partial/post/title.ejs (12ms)[debug] 21:42:27.448 Processed: languages/default.yml (19ms)[debug] 21:42:27.449 Theme config loaded[debug] 21:42:27.449 Processed: _config.yml (20ms)[debug] 21:42:27.450 Processed: languages/zh-TW.yml (21ms)[debug] 21:42:27.450 Processed: languages/zh-CN.yml (21ms)[debug] 21:42:27.461 Generator: archive (7ms)[debug] 21:42:27.463 Generator: category (2ms)[debug] 21:42:27.469 Generator: home (6ms)[debug] 21:42:27.470 Generator: page (1ms)[debug] 21:42:27.474 Generator: post (4ms)[debug] 21:42:27.476 Generator: tag (2ms)[error] 21:42:27.478 TypeError: Cannot read property 'feed' of undefined
TypeError: Cannot read property 'feed' of undefined
    at module.exports (/Users/zhangyunyao/Documents/Workspace/Blog/node_modules/hexo-generator-feed/lib/generator.js:16:26)
    at Domain.<anonymous> (/usr/local/lib/node_modules/hexo/lib/theme/index.js:113:7)
    at Domain.run (domain.js:197:16)
    at /usr/local/lib/node_modules/hexo/lib/theme/index.js:112:7
    at /usr/local/lib/node_modules/hexo/node_modules/async/lib/async.js:125:13
    at Array.forEach (native)
    at _each (/usr/local/lib/node_modules/hexo/node_modules/async/lib/async.js:46:24)
    at Object.async.each (/usr/local/lib/node_modules/hexo/node_modules/async/lib/async.js:124:9)
    at Theme._generate (/usr/local/lib/node_modules/hexo/lib/theme/index.js:104:9)
    at /usr/local/lib/node_modules/hexo/lib/theme/index.js:180:12
[debug] 21:42:27.486 Generator: asset (10ms)